<?xml version="1.0" encoding="utf-8"?><testsuites name="pytest tests"><testsuite name="pytest" errors="0" failures="0" skipped="0" tests="13" time="3.596" timestamp="2026-01-19T00:09:18.763450+00:00" hostname="agent-env-760f9745-534d-42ac-8ad0-bf053705d943"><testcase classname="tests.test_specials_crud.TestOwnerAuthentication" name="test_owner_login_success" time="0.135" /><testcase classname="tests.test_specials_crud.TestOwnerAuthentication" name="test_owner_login_invalid_credentials" time="0.096" /><testcase classname="tests.test_specials_crud.TestOwnerDashboard" name="test_get_dashboard_stats" time="0.309" /><testcase classname="tests.test_specials_crud.TestOwnerDashboard" name="test_get_owner_restaurants" time="0.234" /><testcase classname="tests.test_specials_crud.TestSpecialsCRUD" name="test_get_specials_list" time="0.221" /><testcase classname="tests.test_specials_crud.TestSpecialsCRUD" name="test_create_special" time="0.239" /><testcase classname="tests.test_specials_crud.TestSpecialsCRUD" name="test_create_special_and_verify_persistence" time="0.341" /><testcase classname="tests.test_specials_crud.TestSpecialsCRUD" name="test_update_special" time="0.437" /><testcase classname="tests.test_specials_crud.TestSpecialsCRUD" name="test_delete_special" time="0.507" /><testcase classname="tests.test_specials_crud.TestSpecialsCRUD" name="test_create_special_missing_required_fields" time="0.181" /><testcase classname="tests.test_specials_crud.TestSpecialsCRUD" name="test_unauthorized_access" time="0.052" /><testcase classname="tests.test_specials_crud.TestSpecialTypes" name="test_get_special_types" time="0.063" /><testcase classname="tests.test_specials_crud.TestCleanup" name="test_cleanup_test_specials" time="0.634" /></testsuite></testsuites>