<?xml version="1.0" encoding="utf-8"?><testsuites name="pytest tests"><testsuite name="pytest" errors="0" failures="0" skipped="0" tests="8" time="3.807" timestamp="2026-01-19T03:34:47.499122+00:00" hostname="agent-env-760f9745-534d-42ac-8ad0-bf053705d943"><testcase classname="tests.test_image_upload.TestImageUploadFeature" name="test_create_special_with_image" time="0.295" /><testcase classname="tests.test_image_upload.TestImageUploadFeature" name="test_create_special_without_image" time="0.243" /><testcase classname="tests.test_image_upload.TestImageUploadFeature" name="test_create_special_with_null_image" time="0.241" /><testcase classname="tests.test_image_upload.TestImageUploadFeature" name="test_update_special_add_image" time="0.415" /><testcase classname="tests.test_image_upload.TestImageUploadFeature" name="test_update_special_preserve_image" time="0.437" /><testcase classname="tests.test_image_upload.TestImageUploadFeature" name="test_update_special_remove_image" time="0.426" /><testcase classname="tests.test_image_upload.TestImageUploadFeature" name="test_get_specials_returns_image" time="0.362" /><testcase classname="tests.test_image_upload.TestImageUploadCleanup" name="test_cleanup_test_specials" time="1.289" /></testsuite></testsuites>